The target system is: Generic -  - 
The host system is: Linux - 6.12.54-linuxkit - x86_64
Compiling the C compiler identification source file "CMakeCCompilerId.c" succeeded.
Compiler: /opt/gcc-arm-none-eabi/bin/arm-none-eabi-gcc 
Build flags: 
Id flags: -c 

The output was:
0


Compilation of the C compiler identification source "CMakeCCompilerId.c" produced "CMakeCCompilerId.o"

The C compiler identification is GNU, found in "/movesense/posture_guard/movesense_code/movesense-device-lib/posture_build/CMakeFiles/3.16.2/CompilerIdC/CMakeCCompilerId.o"

Compiling the CXX compiler identification source file "CMakeCXXCompilerId.cpp" succeeded.
Compiler: /opt/gcc-arm-none-eabi/bin/arm-none-eabi-gcc 
Build flags: 
Id flags: -c 

The output was:
0


Compilation of the CXX compiler identification source "CMakeCXXCompilerId.cpp" produced "CMakeCXXCompilerId.o"

The CXX compiler identification is GNU, found in "/movesense/posture_guard/movesense_code/movesense-device-lib/posture_build/CMakeFiles/3.16.2/CompilerIdCXX/CMakeCXXCompilerId.o"

Determining if the C compiler works passed with the following output:
Change Dir: /movesense/posture_guard/movesense_code/movesense-device-lib/posture_build/CMakeFiles/CMakeTmp

Run Build Command(s):/usr/bin/ninja cmTC_081a4 && [1/2] Building C object CMakeFiles/cmTC_081a4.dir/testCCompiler.c.obj
[2/2] Linking C static library libcmTC_081a4.a



Detecting C compiler ABI info compiled with the following output:
Change Dir: /movesense/posture_guard/movesense_code/movesense-device-lib/posture_build/CMakeFiles/CMakeTmp

Run Build Command(s):/usr/bin/ninja cmTC_ca4d8 && [1/2] Building C object CMakeFiles/cmTC_ca4d8.dir/CMakeCCompilerABI.c.obj
Using built-in specs.
COLLECT_GCC=/opt/gcc-arm-none-eabi/bin/arm-none-eabi-gcc
Target: arm-none-eabi
Configured with: /data/jenkins/workspace/GNU-toolchain/arm-12-mpacbti/src/gcc/configure --target=arm-none-eabi --prefix=/data/jenkins/workspace/GNU-toolchain/arm-12-mpacbti/build-arm-none-eabi/install --with-gmp=/data/jenkins/workspace/GNU-toolchain/arm-12-mpacbti/build-arm-none-eabi/host-tools --with-mpfr=/data/jenkins/workspace/GNU-toolchain/arm-12-mpacbti/build-arm-none-eabi/host-tools --with-mpc=/data/jenkins/workspace/GNU-toolchain/arm-12-mpacbti/build-arm-none-eabi/host-tools --with-isl=/data/jenkins/workspace/GNU-toolchain/arm-12-mpacbti/build-arm-none-eabi/host-tools --disable-shared --disable-nls --disable-threads --disable-tls --enable-checking=release --enable-languages=c,c++,fortran --with-newlib --with-gnu-as --with-gnu-ld --with-sysroot=/data/jenkins/workspace/GNU-toolchain/arm-12-mpacbti/build-arm-none-eabi/install/arm-none-eabi --with-multilib-list=aprofile,rmprofile --with-pkgversion='Arm GNU Toolchain 12.2.MPACBTI-Rel1 (Build arm-12-mpacbti.34)' --with-bugurl=https://bugs.linaro.org/
Thread model: single
Supported LTO compression algorithms: zlib
gcc version 12.2.1 20230214 (Arm GNU Toolchain 12.2.MPACBTI-Rel1 (Build arm-12-mpacbti.34)) 
COLLECT_GCC_OPTIONS='-v' '-o' 'CMakeFiles/cmTC_ca4d8.dir/CMakeCCompilerABI.c.obj' '-c' '-mcpu=arm7tdmi' '-mfloat-abi=soft' '-marm' '-mlibarch=armv4t' '-march=armv4t' '-dumpdir' 'CMakeFiles/cmTC_ca4d8.dir/'
 /opt/gcc-arm-none-eabi/bin/../libexec/gcc/arm-none-eabi/12.2.1/cc1 -quiet -v -iprefix /opt/gcc-arm-none-eabi/bin/../lib/gcc/arm-none-eabi/12.2.1/ -isysroot /opt/gcc-arm-none-eabi/bin/../arm-none-eabi -D__USES_INITFINI__ /opt/cmake/share/cmake-3.16/Modules/CMakeCCompilerABI.c -quiet -dumpdir CMakeFiles/cmTC_ca4d8.dir/ -dumpbase CMakeCCompilerABI.c.c -dumpbase-ext .c -mcpu=arm7tdmi -mfloat-abi=soft -marm -mlibarch=armv4t -march=armv4t -version -o /tmp/ccuWD6j7.s
GNU C17 (Arm GNU Toolchain 12.2.MPACBTI-Rel1 (Build arm-12-mpacbti.34)) version 12.2.1 20230214 (arm-none-eabi)
	compiled by GNU C version 4.8.5 20150623 (Red Hat 4.8.5-44), GMP version 6.2.1, MPFR version 3.1.6, MPC version 1.0.3, isl version isl-0.15-1-g835ea3a-GMP

GGC heuristics: --param ggc-min-expand=100 --param ggc-min-heapsize=131072
ignoring duplicate directory "/opt/gcc-arm-none-eabi/bin/../lib/gcc/../../lib/gcc/arm-none-eabi/12.2.1/include"
ignoring nonexistent directory "/opt/gcc-arm-none-eabi/bin/../arm-none-eabi/usr/local/include"
ignoring duplicate directory "/opt/gcc-arm-none-eabi/bin/../lib/gcc/../../lib/gcc/arm-none-eabi/12.2.1/include-fixed"
ignoring duplicate directory "/opt/gcc-arm-none-eabi/bin/../lib/gcc/../../lib/gcc/arm-none-eabi/12.2.1/../../../../arm-none-eabi/include"
ignoring nonexistent directory "/opt/gcc-arm-none-eabi/bin/../arm-none-eabi/usr/include"
#include "..." search starts here:
#include <...> search starts here:
 /opt/gcc-arm-none-eabi/bin/../lib/gcc/arm-none-eabi/12.2.1/include
 /opt/gcc-arm-none-eabi/bin/../lib/gcc/arm-none-eabi/12.2.1/include-fixed
 /opt/gcc-arm-none-eabi/bin/../lib/gcc/arm-none-eabi/12.2.1/../../../../arm-none-eabi/include
End of search list.
GNU C17 (Arm GNU Toolchain 12.2.MPACBTI-Rel1 (Build arm-12-mpacbti.34)) version 12.2.1 20230214 (arm-none-eabi)
	compiled by GNU C version 4.8.5 20150623 (Red Hat 4.8.5-44), GMP version 6.2.1, MPFR version 3.1.6, MPC version 1.0.3, isl version isl-0.15-1-g835ea3a-GMP

GGC heuristics: --param ggc-min-expand=100 --param ggc-min-heapsize=131072
Compiler executable checksum: 62fa4b6d96c949152df7c5d314134db2
COLLECT_GCC_OPTIONS='-v' '-o' 'CMakeFiles/cmTC_ca4d8.dir/CMakeCCompilerABI.c.obj' '-c' '-mcpu=arm7tdmi' '-mfloat-abi=soft' '-marm' '-mlibarch=armv4t' '-march=armv4t' '-dumpdir' 'CMakeFiles/cmTC_ca4d8.dir/'
 /opt/gcc-arm-none-eabi/bin/../lib/gcc/arm-none-eabi/12.2.1/../../../../arm-none-eabi/bin/as -v -march=armv4t -mfloat-abi=soft -meabi=5 -o CMakeFiles/cmTC_ca4d8.dir/CMakeCCompilerABI.c.obj /tmp/ccuWD6j7.s
GNU assembler version 2.40.0 (arm-none-eabi) using BFD version (Arm GNU Toolchain 12.2.MPACBTI-Rel1 (Build arm-12-mpacbti.34)) 2.40.0.20230307
COMPILER_PATH=/opt/gcc-arm-none-eabi/bin/../libexec/gcc/arm-none-eabi/12.2.1/:/opt/gcc-arm-none-eabi/bin/../libexec/gcc/:/opt/gcc-arm-none-eabi/bin/../lib/gcc/arm-none-eabi/12.2.1/../../../../arm-none-eabi/bin/
LIBRARY_PATH=/opt/gcc-arm-none-eabi/bin/../lib/gcc/arm-none-eabi/12.2.1/:/opt/gcc-arm-none-eabi/bin/../lib/gcc/:/opt/gcc-arm-none-eabi/bin/../lib/gcc/arm-none-eabi/12.2.1/../../../../arm-none-eabi/lib/:/opt/gcc-arm-none-eabi/bin/../arm-none-eabi/lib/
COLLECT_GCC_OPTIONS='-v' '-o' 'CMakeFiles/cmTC_ca4d8.dir/CMakeCCompilerABI.c.obj' '-c' '-mcpu=arm7tdmi' '-mfloat-abi=soft' '-marm' '-mlibarch=armv4t' '-march=armv4t' '-dumpdir' 'CMakeFiles/cmTC_ca4d8.dir/CMakeCCompilerABI.c.'
[2/2] Linking C static library libcmTC_ca4d8.a



Parsed C implicit include dir info from above output: rv=done
  found start of include info
  found start of implicit include info
    add: [/opt/gcc-arm-none-eabi/bin/../lib/gcc/arm-none-eabi/12.2.1/include]
    add: [/opt/gcc-arm-none-eabi/bin/../lib/gcc/arm-none-eabi/12.2.1/include-fixed]
    add: [/opt/gcc-arm-none-eabi/bin/../lib/gcc/arm-none-eabi/12.2.1/../../../../arm-none-eabi/include]
  end of search list found
  collapse include dir [/opt/gcc-arm-none-eabi/bin/../lib/gcc/arm-none-eabi/12.2.1/include] ==> [/opt/gcc-arm-none-eabi/lib/gcc/arm-none-eabi/12.2.1/include]
  collapse include dir [/opt/gcc-arm-none-eabi/bin/../lib/gcc/arm-none-eabi/12.2.1/include-fixed] ==> [/opt/gcc-arm-none-eabi/lib/gcc/arm-none-eabi/12.2.1/include-fixed]
  collapse include dir [/opt/gcc-arm-none-eabi/bin/../lib/gcc/arm-none-eabi/12.2.1/../../../../arm-none-eabi/include] ==> [/opt/gcc-arm-none-eabi/arm-none-eabi/include]
  implicit include dirs: [/opt/gcc-arm-none-eabi/lib/gcc/arm-none-eabi/12.2.1/include;/opt/gcc-arm-none-eabi/lib/gcc/arm-none-eabi/12.2.1/include-fixed;/opt/gcc-arm-none-eabi/arm-none-eabi/include]


Parsed C implicit link information from above output:
  link line regex: [^( *|.*[/\])(arm-none-eabi-ld|CMAKE_LINK_STARTFILE-NOTFOUND|([^/\]+-)?ld|collect2)[^/\]*( |$)]
  ignore line: [Change Dir: /movesense/posture_guard/movesense_code/movesense-device-lib/posture_build/CMakeFiles/CMakeTmp]
  ignore line: []
  ignore line: [Run Build Command(s):/usr/bin/ninja cmTC_ca4d8 && [1/2] Building C object CMakeFiles/cmTC_ca4d8.dir/CMakeCCompilerABI.c.obj]
  ignore line: [Using built-in specs.]
  ignore line: [COLLECT_GCC=/opt/gcc-arm-none-eabi/bin/arm-none-eabi-gcc]
  ignore line: [Target: arm-none-eabi]
  ignore line: [Configured with: /data/jenkins/workspace/GNU-toolchain/arm-12-mpacbti/src/gcc/configure --target=arm-none-eabi --prefix=/data/jenkins/workspace/GNU-toolchain/arm-12-mpacbti/build-arm-none-eabi/install --with-gmp=/data/jenkins/workspace/GNU-toolchain/arm-12-mpacbti/build-arm-none-eabi/host-tools --with-mpfr=/data/jenkins/workspace/GNU-toolchain/arm-12-mpacbti/build-arm-none-eabi/host-tools --with-mpc=/data/jenkins/workspace/GNU-toolchain/arm-12-mpacbti/build-arm-none-eabi/host-tools --with-isl=/data/jenkins/workspace/GNU-toolchain/arm-12-mpacbti/build-arm-none-eabi/host-tools --disable-shared --disable-nls --disable-threads --disable-tls --enable-checking=release --enable-languages=c,c++,fortran --with-newlib --with-gnu-as --with-gnu-ld --with-sysroot=/data/jenkins/workspace/GNU-toolchain/arm-12-mpacbti/build-arm-none-eabi/install/arm-none-eabi --with-multilib-list=aprofile,rmprofile --with-pkgversion='Arm GNU Toolchain 12.2.MPACBTI-Rel1 (Build arm-12-mpacbti.34)' --with-bugurl=https://bugs.linaro.org/]
  ignore line: [Thread model: single]
  ignore line: [Supported LTO compression algorithms: zlib]
  ignore line: [gcc version 12.2.1 20230214 (Arm GNU Toolchain 12.2.MPACBTI-Rel1 (Build arm-12-mpacbti.34)) ]
  ignore line: [COLLECT_GCC_OPTIONS='-v' '-o' 'CMakeFiles/cmTC_ca4d8.dir/CMakeCCompilerABI.c.obj' '-c' '-mcpu=arm7tdmi' '-mfloat-abi=soft' '-marm' '-mlibarch=armv4t' '-march=armv4t' '-dumpdir' 'CMakeFiles/cmTC_ca4d8.dir/']
  ignore line: [ /opt/gcc-arm-none-eabi/bin/../libexec/gcc/arm-none-eabi/12.2.1/cc1 -quiet -v -iprefix /opt/gcc-arm-none-eabi/bin/../lib/gcc/arm-none-eabi/12.2.1/ -isysroot /opt/gcc-arm-none-eabi/bin/../arm-none-eabi -D__USES_INITFINI__ /opt/cmake/share/cmake-3.16/Modules/CMakeCCompilerABI.c -quiet -dumpdir CMakeFiles/cmTC_ca4d8.dir/ -dumpbase CMakeCCompilerABI.c.c -dumpbase-ext .c -mcpu=arm7tdmi -mfloat-abi=soft -marm -mlibarch=armv4t -march=armv4t -version -o /tmp/ccuWD6j7.s]
  ignore line: [GNU C17 (Arm GNU Toolchain 12.2.MPACBTI-Rel1 (Build arm-12-mpacbti.34)) version 12.2.1 20230214 (arm-none-eabi)]
  ignore line: [	compiled by GNU C version 4.8.5 20150623 (Red Hat 4.8.5-44)  GMP version 6.2.1  MPFR version 3.1.6  MPC version 1.0.3  isl version isl-0.15-1-g835ea3a-GMP]
  ignore line: []
  ignore line: [GGC heuristics: --param ggc-min-expand=100 --param ggc-min-heapsize=131072]
  ignore line: [ignoring duplicate directory "/opt/gcc-arm-none-eabi/bin/../lib/gcc/../../lib/gcc/arm-none-eabi/12.2.1/include"]
  ignore line: [ignoring nonexistent directory "/opt/gcc-arm-none-eabi/bin/../arm-none-eabi/usr/local/include"]
  ignore line: [ignoring duplicate directory "/opt/gcc-arm-none-eabi/bin/../lib/gcc/../../lib/gcc/arm-none-eabi/12.2.1/include-fixed"]
  ignore line: [ignoring duplicate directory "/opt/gcc-arm-none-eabi/bin/../lib/gcc/../../lib/gcc/arm-none-eabi/12.2.1/../../../../arm-none-eabi/include"]
  ignore line: [ignoring nonexistent directory "/opt/gcc-arm-none-eabi/bin/../arm-none-eabi/usr/include"]
  ignore line: [#include "..." search starts here:]
  ignore line: [#include <...> search starts here:]
  ignore line: [ /opt/gcc-arm-none-eabi/bin/../lib/gcc/arm-none-eabi/12.2.1/include]
  ignore line: [ /opt/gcc-arm-none-eabi/bin/../lib/gcc/arm-none-eabi/12.2.1/include-fixed]
  ignore line: [ /opt/gcc-arm-none-eabi/bin/../lib/gcc/arm-none-eabi/12.2.1/../../../../arm-none-eabi/include]
  ignore line: [End of search list.]
  ignore line: [GNU C17 (Arm GNU Toolchain 12.2.MPACBTI-Rel1 (Build arm-12-mpacbti.34)) version 12.2.1 20230214 (arm-none-eabi)]
  ignore line: [	compiled by GNU C version 4.8.5 20150623 (Red Hat 4.8.5-44)  GMP version 6.2.1  MPFR version 3.1.6  MPC version 1.0.3  isl version isl-0.15-1-g835ea3a-GMP]
  ignore line: []
  ignore line: [GGC heuristics: --param ggc-min-expand=100 --param ggc-min-heapsize=131072]
  ignore line: [Compiler executable checksum: 62fa4b6d96c949152df7c5d314134db2]
  ignore line: [COLLECT_GCC_OPTIONS='-v' '-o' 'CMakeFiles/cmTC_ca4d8.dir/CMakeCCompilerABI.c.obj' '-c' '-mcpu=arm7tdmi' '-mfloat-abi=soft' '-marm' '-mlibarch=armv4t' '-march=armv4t' '-dumpdir' 'CMakeFiles/cmTC_ca4d8.dir/']
  ignore line: [ /opt/gcc-arm-none-eabi/bin/../lib/gcc/arm-none-eabi/12.2.1/../../../../arm-none-eabi/bin/as -v -march=armv4t -mfloat-abi=soft -meabi=5 -o CMakeFiles/cmTC_ca4d8.dir/CMakeCCompilerABI.c.obj /tmp/ccuWD6j7.s]
  ignore line: [GNU assembler version 2.40.0 (arm-none-eabi) using BFD version (Arm GNU Toolchain 12.2.MPACBTI-Rel1 (Build arm-12-mpacbti.34)) 2.40.0.20230307]
  ignore line: [COMPILER_PATH=/opt/gcc-arm-none-eabi/bin/../libexec/gcc/arm-none-eabi/12.2.1/:/opt/gcc-arm-none-eabi/bin/../libexec/gcc/:/opt/gcc-arm-none-eabi/bin/../lib/gcc/arm-none-eabi/12.2.1/../../../../arm-none-eabi/bin/]
  ignore line: [LIBRARY_PATH=/opt/gcc-arm-none-eabi/bin/../lib/gcc/arm-none-eabi/12.2.1/:/opt/gcc-arm-none-eabi/bin/../lib/gcc/:/opt/gcc-arm-none-eabi/bin/../lib/gcc/arm-none-eabi/12.2.1/../../../../arm-none-eabi/lib/:/opt/gcc-arm-none-eabi/bin/../arm-none-eabi/lib/]
  ignore line: [COLLECT_GCC_OPTIONS='-v' '-o' 'CMakeFiles/cmTC_ca4d8.dir/CMakeCCompilerABI.c.obj' '-c' '-mcpu=arm7tdmi' '-mfloat-abi=soft' '-marm' '-mlibarch=armv4t' '-march=armv4t' '-dumpdir' 'CMakeFiles/cmTC_ca4d8.dir/CMakeCCompilerABI.c.']
  ignore line: [[2/2] Linking C static library libcmTC_ca4d8.a]
  ignore line: []
  ignore line: []
  implicit libs: []
  implicit dirs: []
  implicit fwks: []


Determining if the CXX compiler works passed with the following output:
Change Dir: /movesense/posture_guard/movesense_code/movesense-device-lib/posture_build/CMakeFiles/CMakeTmp

Run Build Command(s):/usr/bin/ninja cmTC_7f568 && [1/2] Building CXX object CMakeFiles/cmTC_7f568.dir/testCXXCompiler.cxx.obj
[2/2] Linking CXX static library libcmTC_7f568.a



Detecting CXX compiler ABI info compiled with the following output:
Change Dir: /movesense/posture_guard/movesense_code/movesense-device-lib/posture_build/CMakeFiles/CMakeTmp

Run Build Command(s):/usr/bin/ninja cmTC_f2532 && [1/2] Building CXX object CMakeFiles/cmTC_f2532.dir/CMakeCXXCompilerABI.cpp.obj
Using built-in specs.
COLLECT_GCC=/opt/gcc-arm-none-eabi/bin/arm-none-eabi-gcc
Target: arm-none-eabi
Configured with: /data/jenkins/workspace/GNU-toolchain/arm-12-mpacbti/src/gcc/configure --target=arm-none-eabi --prefix=/data/jenkins/workspace/GNU-toolchain/arm-12-mpacbti/build-arm-none-eabi/install --with-gmp=/data/jenkins/workspace/GNU-toolchain/arm-12-mpacbti/build-arm-none-eabi/host-tools --with-mpfr=/data/jenkins/workspace/GNU-toolchain/arm-12-mpacbti/build-arm-none-eabi/host-tools --with-mpc=/data/jenkins/workspace/GNU-toolchain/arm-12-mpacbti/build-arm-none-eabi/host-tools --with-isl=/data/jenkins/workspace/GNU-toolchain/arm-12-mpacbti/build-arm-none-eabi/host-tools --disable-shared --disable-nls --disable-threads --disable-tls --enable-checking=release --enable-languages=c,c++,fortran --with-newlib --with-gnu-as --with-gnu-ld --with-sysroot=/data/jenkins/workspace/GNU-toolchain/arm-12-mpacbti/build-arm-none-eabi/install/arm-none-eabi --with-multilib-list=aprofile,rmprofile --with-pkgversion='Arm GNU Toolchain 12.2.MPACBTI-Rel1 (Build arm-12-mpacbti.34)' --with-bugurl=https://bugs.linaro.org/
Thread model: single
Supported LTO compression algorithms: zlib
gcc version 12.2.1 20230214 (Arm GNU Toolchain 12.2.MPACBTI-Rel1 (Build arm-12-mpacbti.34)) 
COLLECT_GCC_OPTIONS='-v' '-o' 'CMakeFiles/cmTC_f2532.dir/CMakeCXXCompilerABI.cpp.obj' '-c' '-mcpu=arm7tdmi' '-mfloat-abi=soft' '-marm' '-mlibarch=armv4t' '-march=armv4t' '-dumpdir' 'CMakeFiles/cmTC_f2532.dir/'
 /opt/gcc-arm-none-eabi/bin/../libexec/gcc/arm-none-eabi/12.2.1/cc1plus -quiet -v -iprefix /opt/gcc-arm-none-eabi/bin/../lib/gcc/arm-none-eabi/12.2.1/ -isysroot /opt/gcc-arm-none-eabi/bin/../arm-none-eabi -D__USES_INITFINI__ /opt/cmake/share/cmake-3.16/Modules/CMakeCXXCompilerABI.cpp -quiet -dumpdir CMakeFiles/cmTC_f2532.dir/ -dumpbase CMakeCXXCompilerABI.cpp.cpp -dumpbase-ext .cpp -mcpu=arm7tdmi -mfloat-abi=soft -marm -mlibarch=armv4t -march=armv4t -version -o /tmp/ccuajnsK.s
GNU C++17 (Arm GNU Toolchain 12.2.MPACBTI-Rel1 (Build arm-12-mpacbti.34)) version 12.2.1 20230214 (arm-none-eabi)
	compiled by GNU C version 4.8.5 20150623 (Red Hat 4.8.5-44), GMP version 6.2.1, MPFR version 3.1.6, MPC version 1.0.3, isl version isl-0.15-1-g835ea3a-GMP

GGC heuristics: --param ggc-min-expand=100 --param ggc-min-heapsize=131072
ignoring duplicate directory "/opt/gcc-arm-none-eabi/bin/../lib/gcc/../../lib/gcc/arm-none-eabi/12.2.1/../../../../arm-none-eabi/include/c++/12.2.1"
ignoring duplicate directory "/opt/gcc-arm-none-eabi/bin/../lib/gcc/../../lib/gcc/arm-none-eabi/12.2.1/../../../../arm-none-eabi/include/c++/12.2.1/arm-none-eabi"
ignoring duplicate directory "/opt/gcc-arm-none-eabi/bin/../lib/gcc/../../lib/gcc/arm-none-eabi/12.2.1/../../../../arm-none-eabi/include/c++/12.2.1/backward"
ignoring duplicate directory "/opt/gcc-arm-none-eabi/bin/../lib/gcc/../../lib/gcc/arm-none-eabi/12.2.1/include"
ignoring nonexistent directory "/opt/gcc-arm-none-eabi/bin/../arm-none-eabi/usr/local/include"
ignoring duplicate directory "/opt/gcc-arm-none-eabi/bin/../lib/gcc/../../lib/gcc/arm-none-eabi/12.2.1/include-fixed"
ignoring duplicate directory "/opt/gcc-arm-none-eabi/bin/../lib/gcc/../../lib/gcc/arm-none-eabi/12.2.1/../../../../arm-none-eabi/include"
ignoring nonexistent directory "/opt/gcc-arm-none-eabi/bin/../arm-none-eabi/usr/include"
#include "..." search starts here:
#include <...> search starts here:
 /opt/gcc-arm-none-eabi/bin/../lib/gcc/arm-none-eabi/12.2.1/../../../../arm-none-eabi/include/c++/12.2.1
 /opt/gcc-arm-none-eabi/bin/../lib/gcc/arm-none-eabi/12.2.1/../../../../arm-none-eabi/include/c++/12.2.1/arm-none-eabi
 /opt/gcc-arm-none-eabi/bin/../lib/gcc/arm-none-eabi/12.2.1/../../../../arm-none-eabi/include/c++/12.2.1/backward
 /opt/gcc-arm-none-eabi/bin/../lib/gcc/arm-none-eabi/12.2.1/include
 /opt/gcc-arm-none-eabi/bin/../lib/gcc/arm-none-eabi/12.2.1/include-fixed
 /opt/gcc-arm-none-eabi/bin/../lib/gcc/arm-none-eabi/12.2.1/../../../../arm-none-eabi/include
End of search list.
GNU C++17 (Arm GNU Toolchain 12.2.MPACBTI-Rel1 (Build arm-12-mpacbti.34)) version 12.2.1 20230214 (arm-none-eabi)
	compiled by GNU C version 4.8.5 20150623 (Red Hat 4.8.5-44), GMP version 6.2.1, MPFR version 3.1.6, MPC version 1.0.3, isl version isl-0.15-1-g835ea3a-GMP

GGC heuristics: --param ggc-min-expand=100 --param ggc-min-heapsize=131072
Compiler executable checksum: 5e85f5423081647975190a0162391d5c
COLLECT_GCC_OPTIONS='-v' '-o' 'CMakeFiles/cmTC_f2532.dir/CMakeCXXCompilerABI.cpp.obj' '-c' '-mcpu=arm7tdmi' '-mfloat-abi=soft' '-marm' '-mlibarch=armv4t' '-march=armv4t' '-dumpdir' 'CMakeFiles/cmTC_f2532.dir/'
 /opt/gcc-arm-none-eabi/bin/../lib/gcc/arm-none-eabi/12.2.1/../../../../arm-none-eabi/bin/as -v -march=armv4t -mfloat-abi=soft -meabi=5 -o CMakeFiles/cmTC_f2532.dir/CMakeCXXCompilerABI.cpp.obj /tmp/ccuajnsK.s
GNU assembler version 2.40.0 (arm-none-eabi) using BFD version (Arm GNU Toolchain 12.2.MPACBTI-Rel1 (Build arm-12-mpacbti.34)) 2.40.0.20230307
COMPILER_PATH=/opt/gcc-arm-none-eabi/bin/../libexec/gcc/arm-none-eabi/12.2.1/:/opt/gcc-arm-none-eabi/bin/../libexec/gcc/:/opt/gcc-arm-none-eabi/bin/../lib/gcc/arm-none-eabi/12.2.1/../../../../arm-none-eabi/bin/
LIBRARY_PATH=/opt/gcc-arm-none-eabi/bin/../lib/gcc/arm-none-eabi/12.2.1/:/opt/gcc-arm-none-eabi/bin/../lib/gcc/:/opt/gcc-arm-none-eabi/bin/../lib/gcc/arm-none-eabi/12.2.1/../../../../arm-none-eabi/lib/:/opt/gcc-arm-none-eabi/bin/../arm-none-eabi/lib/
COLLECT_GCC_OPTIONS='-v' '-o' 'CMakeFiles/cmTC_f2532.dir/CMakeCXXCompilerABI.cpp.obj' '-c' '-mcpu=arm7tdmi' '-mfloat-abi=soft' '-marm' '-mlibarch=armv4t' '-march=armv4t' '-dumpdir' 'CMakeFiles/cmTC_f2532.dir/CMakeCXXCompilerABI.cpp.'
[2/2] Linking CXX static library libcmTC_f2532.a



Parsed CXX implicit include dir info from above output: rv=done
  found start of include info
  found start of implicit include info
    add: [/opt/gcc-arm-none-eabi/bin/../lib/gcc/arm-none-eabi/12.2.1/../../../../arm-none-eabi/include/c++/12.2.1]
    add: [/opt/gcc-arm-none-eabi/bin/../lib/gcc/arm-none-eabi/12.2.1/../../../../arm-none-eabi/include/c++/12.2.1/arm-none-eabi]
    add: [/opt/gcc-arm-none-eabi/bin/../lib/gcc/arm-none-eabi/12.2.1/../../../../arm-none-eabi/include/c++/12.2.1/backward]
    add: [/opt/gcc-arm-none-eabi/bin/../lib/gcc/arm-none-eabi/12.2.1/include]
    add: [/opt/gcc-arm-none-eabi/bin/../lib/gcc/arm-none-eabi/12.2.1/include-fixed]
    add: [/opt/gcc-arm-none-eabi/bin/../lib/gcc/arm-none-eabi/12.2.1/../../../../arm-none-eabi/include]
  end of search list found
  collapse include dir [/opt/gcc-arm-none-eabi/bin/../lib/gcc/arm-none-eabi/12.2.1/../../../../arm-none-eabi/include/c++/12.2.1] ==> [/opt/gcc-arm-none-eabi/arm-none-eabi/include/c++/12.2.1]
  collapse include dir [/opt/gcc-arm-none-eabi/bin/../lib/gcc/arm-none-eabi/12.2.1/../../../../arm-none-eabi/include/c++/12.2.1/arm-none-eabi] ==> [/opt/gcc-arm-none-eabi/arm-none-eabi/include/c++/12.2.1/arm-none-eabi]
  collapse include dir [/opt/gcc-arm-none-eabi/bin/../lib/gcc/arm-none-eabi/12.2.1/../../../../arm-none-eabi/include/c++/12.2.1/backward] ==> [/opt/gcc-arm-none-eabi/arm-none-eabi/include/c++/12.2.1/backward]
  collapse include dir [/opt/gcc-arm-none-eabi/bin/../lib/gcc/arm-none-eabi/12.2.1/include] ==> [/opt/gcc-arm-none-eabi/lib/gcc/arm-none-eabi/12.2.1/include]
  collapse include dir [/opt/gcc-arm-none-eabi/bin/../lib/gcc/arm-none-eabi/12.2.1/include-fixed] ==> [/opt/gcc-arm-none-eabi/lib/gcc/arm-none-eabi/12.2.1/include-fixed]
  collapse include dir [/opt/gcc-arm-none-eabi/bin/../lib/gcc/arm-none-eabi/12.2.1/../../../../arm-none-eabi/include] ==> [/opt/gcc-arm-none-eabi/arm-none-eabi/include]
  implicit include dirs: [/opt/gcc-arm-none-eabi/arm-none-eabi/include/c++/12.2.1;/opt/gcc-arm-none-eabi/arm-none-eabi/include/c++/12.2.1/arm-none-eabi;/opt/gcc-arm-none-eabi/arm-none-eabi/include/c++/12.2.1/backward;/opt/gcc-arm-none-eabi/lib/gcc/arm-none-eabi/12.2.1/include;/opt/gcc-arm-none-eabi/lib/gcc/arm-none-eabi/12.2.1/include-fixed;/opt/gcc-arm-none-eabi/arm-none-eabi/include]


Parsed CXX implicit link information from above output:
  link line regex: [^( *|.*[/\])(arm-none-eabi-ld|CMAKE_LINK_STARTFILE-NOTFOUND|([^/\]+-)?ld|collect2)[^/\]*( |$)]
  ignore line: [Change Dir: /movesense/posture_guard/movesense_code/movesense-device-lib/posture_build/CMakeFiles/CMakeTmp]
  ignore line: []
  ignore line: [Run Build Command(s):/usr/bin/ninja cmTC_f2532 && [1/2] Building CXX object CMakeFiles/cmTC_f2532.dir/CMakeCXXCompilerABI.cpp.obj]
  ignore line: [Using built-in specs.]
  ignore line: [COLLECT_GCC=/opt/gcc-arm-none-eabi/bin/arm-none-eabi-gcc]
  ignore line: [Target: arm-none-eabi]
  ignore line: [Configured with: /data/jenkins/workspace/GNU-toolchain/arm-12-mpacbti/src/gcc/configure --target=arm-none-eabi --prefix=/data/jenkins/workspace/GNU-toolchain/arm-12-mpacbti/build-arm-none-eabi/install --with-gmp=/data/jenkins/workspace/GNU-toolchain/arm-12-mpacbti/build-arm-none-eabi/host-tools --with-mpfr=/data/jenkins/workspace/GNU-toolchain/arm-12-mpacbti/build-arm-none-eabi/host-tools --with-mpc=/data/jenkins/workspace/GNU-toolchain/arm-12-mpacbti/build-arm-none-eabi/host-tools --with-isl=/data/jenkins/workspace/GNU-toolchain/arm-12-mpacbti/build-arm-none-eabi/host-tools --disable-shared --disable-nls --disable-threads --disable-tls --enable-checking=release --enable-languages=c,c++,fortran --with-newlib --with-gnu-as --with-gnu-ld --with-sysroot=/data/jenkins/workspace/GNU-toolchain/arm-12-mpacbti/build-arm-none-eabi/install/arm-none-eabi --with-multilib-list=aprofile,rmprofile --with-pkgversion='Arm GNU Toolchain 12.2.MPACBTI-Rel1 (Build arm-12-mpacbti.34)' --with-bugurl=https://bugs.linaro.org/]
  ignore line: [Thread model: single]
  ignore line: [Supported LTO compression algorithms: zlib]
  ignore line: [gcc version 12.2.1 20230214 (Arm GNU Toolchain 12.2.MPACBTI-Rel1 (Build arm-12-mpacbti.34)) ]
  ignore line: [COLLECT_GCC_OPTIONS='-v' '-o' 'CMakeFiles/cmTC_f2532.dir/CMakeCXXCompilerABI.cpp.obj' '-c' '-mcpu=arm7tdmi' '-mfloat-abi=soft' '-marm' '-mlibarch=armv4t' '-march=armv4t' '-dumpdir' 'CMakeFiles/cmTC_f2532.dir/']
  ignore line: [ /opt/gcc-arm-none-eabi/bin/../libexec/gcc/arm-none-eabi/12.2.1/cc1plus -quiet -v -iprefix /opt/gcc-arm-none-eabi/bin/../lib/gcc/arm-none-eabi/12.2.1/ -isysroot /opt/gcc-arm-none-eabi/bin/../arm-none-eabi -D__USES_INITFINI__ /opt/cmake/share/cmake-3.16/Modules/CMakeCXXCompilerABI.cpp -quiet -dumpdir CMakeFiles/cmTC_f2532.dir/ -dumpbase CMakeCXXCompilerABI.cpp.cpp -dumpbase-ext .cpp -mcpu=arm7tdmi -mfloat-abi=soft -marm -mlibarch=armv4t -march=armv4t -version -o /tmp/ccuajnsK.s]
  ignore line: [GNU C++17 (Arm GNU Toolchain 12.2.MPACBTI-Rel1 (Build arm-12-mpacbti.34)) version 12.2.1 20230214 (arm-none-eabi)]
  ignore line: [	compiled by GNU C version 4.8.5 20150623 (Red Hat 4.8.5-44)  GMP version 6.2.1  MPFR version 3.1.6  MPC version 1.0.3  isl version isl-0.15-1-g835ea3a-GMP]
  ignore line: []
  ignore line: [GGC heuristics: --param ggc-min-expand=100 --param ggc-min-heapsize=131072]
  ignore line: [ignoring duplicate directory "/opt/gcc-arm-none-eabi/bin/../lib/gcc/../../lib/gcc/arm-none-eabi/12.2.1/../../../../arm-none-eabi/include/c++/12.2.1"]
  ignore line: [ignoring duplicate directory "/opt/gcc-arm-none-eabi/bin/../lib/gcc/../../lib/gcc/arm-none-eabi/12.2.1/../../../../arm-none-eabi/include/c++/12.2.1/arm-none-eabi"]
  ignore line: [ignoring duplicate directory "/opt/gcc-arm-none-eabi/bin/../lib/gcc/../../lib/gcc/arm-none-eabi/12.2.1/../../../../arm-none-eabi/include/c++/12.2.1/backward"]
  ignore line: [ignoring duplicate directory "/opt/gcc-arm-none-eabi/bin/../lib/gcc/../../lib/gcc/arm-none-eabi/12.2.1/include"]
  ignore line: [ignoring nonexistent directory "/opt/gcc-arm-none-eabi/bin/../arm-none-eabi/usr/local/include"]
  ignore line: [ignoring duplicate directory "/opt/gcc-arm-none-eabi/bin/../lib/gcc/../../lib/gcc/arm-none-eabi/12.2.1/include-fixed"]
  ignore line: [ignoring duplicate directory "/opt/gcc-arm-none-eabi/bin/../lib/gcc/../../lib/gcc/arm-none-eabi/12.2.1/../../../../arm-none-eabi/include"]
  ignore line: [ignoring nonexistent directory "/opt/gcc-arm-none-eabi/bin/../arm-none-eabi/usr/include"]
  ignore line: [#include "..." search starts here:]
  ignore line: [#include <...> search starts here:]
  ignore line: [ /opt/gcc-arm-none-eabi/bin/../lib/gcc/arm-none-eabi/12.2.1/../../../../arm-none-eabi/include/c++/12.2.1]
  ignore line: [ /opt/gcc-arm-none-eabi/bin/../lib/gcc/arm-none-eabi/12.2.1/../../../../arm-none-eabi/include/c++/12.2.1/arm-none-eabi]
  ignore line: [ /opt/gcc-arm-none-eabi/bin/../lib/gcc/arm-none-eabi/12.2.1/../../../../arm-none-eabi/include/c++/12.2.1/backward]
  ignore line: [ /opt/gcc-arm-none-eabi/bin/../lib/gcc/arm-none-eabi/12.2.1/include]
  ignore line: [ /opt/gcc-arm-none-eabi/bin/../lib/gcc/arm-none-eabi/12.2.1/include-fixed]
  ignore line: [ /opt/gcc-arm-none-eabi/bin/../lib/gcc/arm-none-eabi/12.2.1/../../../../arm-none-eabi/include]
  ignore line: [End of search list.]
  ignore line: [GNU C++17 (Arm GNU Toolchain 12.2.MPACBTI-Rel1 (Build arm-12-mpacbti.34)) version 12.2.1 20230214 (arm-none-eabi)]
  ignore line: [	compiled by GNU C version 4.8.5 20150623 (Red Hat 4.8.5-44)  GMP version 6.2.1  MPFR version 3.1.6  MPC version 1.0.3  isl version isl-0.15-1-g835ea3a-GMP]
  ignore line: []
  ignore line: [GGC heuristics: --param ggc-min-expand=100 --param ggc-min-heapsize=131072]
  ignore line: [Compiler executable checksum: 5e85f5423081647975190a0162391d5c]
  ignore line: [COLLECT_GCC_OPTIONS='-v' '-o' 'CMakeFiles/cmTC_f2532.dir/CMakeCXXCompilerABI.cpp.obj' '-c' '-mcpu=arm7tdmi' '-mfloat-abi=soft' '-marm' '-mlibarch=armv4t' '-march=armv4t' '-dumpdir' 'CMakeFiles/cmTC_f2532.dir/']
  ignore line: [ /opt/gcc-arm-none-eabi/bin/../lib/gcc/arm-none-eabi/12.2.1/../../../../arm-none-eabi/bin/as -v -march=armv4t -mfloat-abi=soft -meabi=5 -o CMakeFiles/cmTC_f2532.dir/CMakeCXXCompilerABI.cpp.obj /tmp/ccuajnsK.s]
  ignore line: [GNU assembler version 2.40.0 (arm-none-eabi) using BFD version (Arm GNU Toolchain 12.2.MPACBTI-Rel1 (Build arm-12-mpacbti.34)) 2.40.0.20230307]
  ignore line: [COMPILER_PATH=/opt/gcc-arm-none-eabi/bin/../libexec/gcc/arm-none-eabi/12.2.1/:/opt/gcc-arm-none-eabi/bin/../libexec/gcc/:/opt/gcc-arm-none-eabi/bin/../lib/gcc/arm-none-eabi/12.2.1/../../../../arm-none-eabi/bin/]
  ignore line: [LIBRARY_PATH=/opt/gcc-arm-none-eabi/bin/../lib/gcc/arm-none-eabi/12.2.1/:/opt/gcc-arm-none-eabi/bin/../lib/gcc/:/opt/gcc-arm-none-eabi/bin/../lib/gcc/arm-none-eabi/12.2.1/../../../../arm-none-eabi/lib/:/opt/gcc-arm-none-eabi/bin/../arm-none-eabi/lib/]
  ignore line: [COLLECT_GCC_OPTIONS='-v' '-o' 'CMakeFiles/cmTC_f2532.dir/CMakeCXXCompilerABI.cpp.obj' '-c' '-mcpu=arm7tdmi' '-mfloat-abi=soft' '-marm' '-mlibarch=armv4t' '-march=armv4t' '-dumpdir' 'CMakeFiles/cmTC_f2532.dir/CMakeCXXCompilerABI.cpp.']
  ignore line: [[2/2] Linking CXX static library libcmTC_f2532.a]
  ignore line: []
  ignore line: []
  implicit libs: []
  implicit dirs: []
  implicit fwks: []


Checking whether the ASM compiler is GNU using "--version" matched "(GNU assembler)|(GCC)|(Free Software Foundation)":
arm-none-eabi-gcc (Arm GNU Toolchain 12.2.MPACBTI-Rel1 (Build arm-12-mpacbti.34)) 12.2.1 20230214
Copyright (C) 2022 Free Software Foundation, Inc.
This is free software; see the source for copying conditions.  There is NO
warranty; not even for MERCHANTABILITY or FITNESS FOR A PARTICULAR PURPOSE.

